IMAGENS: 173 na fila
img 12/173 — 24s
img 24/173 — 368s
img 36/173 — 392s
img 48/173 — 417s
img 60/173 — 696s
img 72/173 — 720s
img 84/173 — 952s
img 96/173 — 1142s
img 108/173 — 1167s
img 120/173 — 1325s
img 132/173 — 1458s
img 144/173 — 1638s
img 156/173 — 1765s
img 168/173 — 1898s
img 173/173 — 1954s
IMAGENS OK 173/173
[vid cap02-fluxo] OK in 121s (1 videos prontos)
[vid cap02-dica] OK in 121s (2 videos prontos)
[vid cap03-fluxo] OK in 121s (3 videos prontos)
[vid cap03-dica] OK in 121s (4 videos prontos)
[vid cap04-fluxo] OK in 107s (5 videos prontos)
[vid cap04-dica] OK in 107s (6 videos prontos)
[vid cap05-fluxo] OK in 114s (7 videos prontos)
[vid cap05-dica] OK in 107s (8 videos prontos)
[vid cap06-fluxo] OK in 107s (9 videos prontos)
[vid cap06-dica] OK in 107s (10 videos prontos)
[vid cap07-fluxo] OK in 107s (11 videos prontos)
[vid cap07-dica] OK in 107s (12 videos prontos)
[vid cap08-fluxo] OK in 107s (13 videos prontos)
[vid cap08-dica] OK in 100s (14 videos prontos)
[vid cap09-fluxo] OK in 107s (15 videos prontos)
[vid cap09-dica] OK in 107s (16 videos prontos)
[vid cap10-fluxo] OK in 107s (17 videos prontos)
[vid cap10-dica] OK in 107s (18 videos prontos)
[vid cap11-fluxo] OK in 107s (19 videos prontos)
[vid cap11-dica] OK in 107s (20 videos prontos)
[vid cap12-fluxo] OK in 107s (21 videos prontos)
[vid cap12-dica] OK in 114s (22 videos prontos)
[vid cap13-fluxo] OK in 107s (23 videos prontos)
[vid cap13-dica] OK in 107s (24 videos prontos)
[vid cap14-fluxo] OK in 107s (25 videos prontos)
[vid cap14-dica] OK in 107s (26 videos prontos)
[vid cap15-fluxo] OK in 114s (27 videos prontos)
[vid cap15-dica] OK in 107s (28 videos prontos)
[vid cap16-fluxo] OK in 107s (29 videos prontos)
[vid cap16-dica] OK in 107s (30 videos prontos)
[vid cap17-fluxo] OK in 107s (31 videos prontos)
[vid cap17-dica] OK in 107s (32 videos prontos)
[vid cap18-fluxo] OK in 107s (33 videos prontos)
[vid cap18-dica] OK in 107s (34 videos prontos)
[vid cap19-fluxo] OK in 107s (35 videos prontos)
[vid cap19-dica] OK in 107s (36 videos prontos)
[vid cap20-fluxo] OK in 114s (37 videos prontos)
[vid cap20-dica] OK in 107s (38 videos prontos)
[vid cap21-fluxo] OK in 107s (39 videos prontos)
[vid cap21-dica] OK in 107s (40 videos prontos)
[vid cap22-fluxo] OK in 107s (41 videos prontos)
[vid cap22-dica] OK in 107s (42 videos prontos)
[vid cap23-fluxo] OK in 107s (43 videos prontos)
[vid cap23-dica] OK in 107s (44 videos prontos)
[vid cap24-fluxo] OK in 107s (45 videos prontos)
[vid cap24-dica] OK in 107s (46 videos prontos)
[vid cap25-fluxo] OK in 107s (47 videos prontos)
[vid cap25-dica] OK in 107s (48 videos prontos)
[vid cap26-fluxo] OK in 107s (49 videos prontos)
[vid cap26-dica] OK in 107s (50 videos prontos)
[vid cap27-fluxo] OK in 107s (51 videos prontos)
[vid cap27-dica] OK in 107s (52 videos prontos)
[vid cap28-fluxo] OK in 107s (53 videos prontos)
[vid cap28-dica] OK in 107s (54 videos prontos)
[vid cap29-fluxo] OK in 107s (55 videos prontos)
[vid cap29-dica] OK in 107s (56 videos prontos)
[vid cap30-fluxo] OK in 107s (57 videos prontos)
[vid cap30-dica] OK in 100s (58 videos prontos)
COURSE INLINE MEDIA DONE
